2021-05-11 11:39:14,381 INFO  [log] <Results>
    <ResultSet fetchSize="0">
        <Row rowNumber="1">
            <LOGIN.NAME>Supraja</LOGIN.NAME>
            <LOGIN.PASSWORD>Welc1</LOGIN.PASSWORD>
        </Row>
        <Row rowNumber="2">
            <LOGIN.NAME>awseq</LOGIN.NAME>
            <LOGIN.PASSWORD>Welc2</LOGIN.PASSWORD>
        </Row>
        <Row rowNumber="3">
            <LOGIN.NAME>zsxdc</LOGIN.NAME>
            <LOGIN.PASSWORD>Welc3</LOGIN.PASSWORD>
        </Row>
        <Row rowNumber="4">
            <LOGIN.NAME>supraja</LOGIN.NAME>
            <LOGIN.PASSWORD>Welc1</LOGIN.PASSWORD>
        </Row>
    </ResultSet>
</Results>

2021-05-11 11:39:14,810 INFO  [log] 4
2021-05-11 22:17:16,574 INFO  [log] <Results>
    <ResultSet fetchSize="0">
        <Row rowNumber="1">
            <LOGIN.NAME>Supraja</LOGIN.NAME>
            <LOGIN.PASSWORD>Welc1</LOGIN.PASSWORD>
        </Row>
        <Row rowNumber="2">
            <LOGIN.NAME>awseq</LOGIN.NAME>
            <LOGIN.PASSWORD>Welc2</LOGIN.PASSWORD>
        </Row>
        <Row rowNumber="3">
            <LOGIN.NAME>zsxdc</LOGIN.NAME>
            <LOGIN.PASSWORD>Welc3</LOGIN.PASSWORD>
        </Row>
        <Row rowNumber="4">
            <LOGIN.NAME>supraja</LOGIN.NAME>
            <LOGIN.PASSWORD>Welc1</LOGIN.PASSWORD>
        </Row>
    </ResultSet>
</Results>

2021-05-11 22:17:16,789 INFO  [log] 4
2021-05-11 22:18:33,968 INFO  [log] <Results>
    <ResultSet fetchSize="0">
        <Row rowNumber="1">
            <LOGIN.NAME>Supraja</LOGIN.NAME>
            <LOGIN.PASSWORD>Welc1</LOGIN.PASSWORD>
        </Row>
        <Row rowNumber="2">
            <LOGIN.NAME>awseq</LOGIN.NAME>
            <LOGIN.PASSWORD>Welc2</LOGIN.PASSWORD>
        </Row>
        <Row rowNumber="3">
            <LOGIN.NAME>zsxdc</LOGIN.NAME>
            <LOGIN.PASSWORD>Welc3</LOGIN.PASSWORD>
        </Row>
        <Row rowNumber="4">
            <LOGIN.NAME>supraja</LOGIN.NAME>
            <LOGIN.PASSWORD>Welc1</LOGIN.PASSWORD>
        </Row>
    </ResultSet>
</Results>

2021-05-11 22:18:34,369 INFO  [log] 4
2021-05-12 08:37:33,860 INFO  [log] <Results>
    <ResultSet fetchSize="0">
        <Row rowNumber="1">
            <LOGIN.NAME>Supraja</LOGIN.NAME>
            <LOGIN.PASSWORD>Welc1</LOGIN.PASSWORD>
        </Row>
        <Row rowNumber="2">
            <LOGIN.NAME>awseq</LOGIN.NAME>
            <LOGIN.PASSWORD>Welc2</LOGIN.PASSWORD>
        </Row>
        <Row rowNumber="3">
            <LOGIN.NAME>zsxdc</LOGIN.NAME>
            <LOGIN.PASSWORD>Welc3</LOGIN.PASSWORD>
        </Row>
        <Row rowNumber="4">
            <LOGIN.NAME>supraja</LOGIN.NAME>
            <LOGIN.PASSWORD>Welc1</LOGIN.PASSWORD>
        </Row>
    </ResultSet>
</Results>

2021-05-12 08:37:34,461 INFO  [log] 4
2021-05-12 08:38:41,927 INFO  [log] <Results>
    <ResultSet fetchSize="0">
        <Row rowNumber="1">
            <LOGIN.NAME>Supraja</LOGIN.NAME>
            <LOGIN.PASSWORD>Welc1</LOGIN.PASSWORD>
        </Row>
        <Row rowNumber="2">
            <LOGIN.NAME>awseq</LOGIN.NAME>
            <LOGIN.PASSWORD>Welc2</LOGIN.PASSWORD>
        </Row>
        <Row rowNumber="3">
            <LOGIN.NAME>zsxdc</LOGIN.NAME>
            <LOGIN.PASSWORD>Welc3</LOGIN.PASSWORD>
        </Row>
        <Row rowNumber="4">
            <LOGIN.NAME>supraja</LOGIN.NAME>
            <LOGIN.PASSWORD>Welc1</LOGIN.PASSWORD>
        </Row>
    </ResultSet>
</Results>

2021-05-12 08:38:42,331 INFO  [log] 4
